{"C:\\Users\\alumno\\Documents\\Vera\\salto\\tu-salto-misiones-testing\\tu-salto-misiones\\src\\services\\destinos.service.ts": {"path":"C:\\Users\\alumno\\Documents\\Vera\\salto\\tu-salto-misiones-testing\\tu-salto-misiones\\src\\services\\destinos.service.ts","statementMap":{"0":{"start":{"line":5,"column":2},"end":{"line":21,"column":3}},"1":{"start":{"line":6,"column":21},"end":{"line":6,"column":49}},"2":{"start":{"line":7,"column":28},"end":{"line":7,"column":91}},"3":{"start":{"line":9,"column":4},"end":{"line":9,"column":26}},"4":{"start":{"line":9,"column":15},"end":{"line":9,"column":26}},"5":{"start":{"line":11,"column":4},"end":{"line":14,"column":5}},"6":{"start":{"line":16,"column":4},"end":{"line":16,"column":54}},"7":{"start":{"line":17,"column":4},"end":{"line":20,"column":5}},"8":{"start":{"line":25,"column":2},"end":{"line":46,"column":3}},"9":{"start":{"line":26,"column":21},"end":{"line":26,"column":49}},"10":{"start":{"line":27,"column":28},"end":{"line":32,"column":15}},"11":{"start":{"line":34,"column":4},"end":{"line":34,"column":26}},"12":{"start":{"line":34,"column":15},"end":{"line":34,"column":26}},"13":{"start":{"line":36,"column":4},"end":{"line":39,"column":5}},"14":{"start":{"line":41,"column":4},"end":{"line":41,"column":66}},"15":{"start":{"line":42,"column":4},"end":{"line":45,"column":5}},"16":{"start":{"line":52,"column":2},"end":{"line":73,"column":3}},"17":{"start":{"line":53,"column":21},"end":{"line":53,"column":49}},"18":{"start":{"line":54,"column":28},"end":{"line":58,"column":15}},"19":{"start":{"line":60,"column":4},"end":{"line":60,"column":26}},"20":{"start":{"line":60,"column":15},"end":{"line":60,"column":26}},"21":{"start":{"line":62,"column":4},"end":{"line":66,"column":5}},"22":{"start":{"line":68,"column":4},"end":{"line":68,"column":51}},"23":{"start":{"line":69,"column":4},"end":{"line":72,"column":5}},"24":{"start":{"line":77,"column":2},"end":{"line":102,"column":3}},"25":{"start":{"line":78,"column":21},"end":{"line":78,"column":49}},"26":{"start":{"line":79,"column":28},"end":{"line":87,"column":15}},"27":{"start":{"line":89,"column":4},"end":{"line":89,"column":26}},"28":{"start":{"line":89,"column":15},"end":{"line":89,"column":26}},"29":{"start":{"line":91,"column":4},"end":{"line":95,"column":5}},"30":{"start":{"line":97,"column":4},"end":{"line":97,"column":69}},"31":{"start":{"line":98,"column":4},"end":{"line":101,"column":5}},"32":{"start":{"line":106,"column":2},"end":{"line":129,"column":3}},"33":{"start":{"line":107,"column":21},"end":{"line":107,"column":49}},"34":{"start":{"line":109,"column":22},"end":{"line":115,"column":27}},"35":{"start":{"line":117,"column":4},"end":{"line":117,"column":26}},"36":{"start":{"line":117,"column":15},"end":{"line":117,"column":26}},"37":{"start":{"line":119,"column":4},"end":{"line":122,"column":5}},"38":{"start":{"line":124,"column":4},"end":{"line":124,"column":67}},"39":{"start":{"line":125,"column":4},"end":{"line":128,"column":5}},"40":{"start":{"line":133,"column":2},"end":{"line":153,"column":3}},"41":{"start":{"line":134,"column":21},"end":{"line":134,"column":49}},"42":{"start":{"line":135,"column":28},"end":{"line":139,"column":26}},"43":{"start":{"line":141,"column":4},"end":{"line":141,"column":26}},"44":{"start":{"line":141,"column":15},"end":{"line":141,"column":26}},"45":{"start":{"line":143,"column":4},"end":{"line":146,"column":5}},"46":{"start":{"line":148,"column":4},"end":{"line":148,"column":74}},"47":{"start":{"line":149,"column":4},"end":{"line":152,"column":5}}},"fnMap":{"0":{"name":"getDestinos","decl":{"start":{"line":4,"column":22},"end":{"line":4,"column":33}},"loc":{"start":{"line":4,"column":69},"end":{"line":22,"column":1}},"line":4},"1":{"name":"getDestinoById","decl":{"start":{"line":24,"column":22},"end":{"line":24,"column":36}},"loc":{"start":{"line":24,"column":80},"end":{"line":47,"column":1}},"line":24},"2":{"name":"createDestino","decl":{"start":{"line":49,"column":22},"end":{"line":49,"column":35}},"loc":{"start":{"line":51,"column":33},"end":{"line":74,"column":1}},"line":51},"3":{"name":"updateDestino","decl":{"start":{"line":76,"column":22},"end":{"line":76,"column":35}},"loc":{"start":{"line":76,"column":106},"end":{"line":103,"column":1}},"line":76},"4":{"name":"deleteDestino","decl":{"start":{"line":105,"column":22},"end":{"line":105,"column":35}},"loc":{"start":{"line":105,"column":76},"end":{"line":130,"column":1}},"line":105},"5":{"name":"searchDestinos","decl":{"start":{"line":132,"column":22},"end":{"line":132,"column":36}},"loc":{"start":{"line":132,"column":85},"end":{"line":154,"column":1}},"line":132}},"branchMap":{"0":{"loc":{"start":{"line":9,"column":4},"end":{"line":9,"column":26}},"type":"if","locations":[{"start":{"line":9,"column":4},"end":{"line":9,"column":26}},{"start":{},"end":{}}],"line":9},"1":{"loc":{"start":{"line":19,"column":13},"end":{"line":19,"column":93}},"type":"cond-expr","locations":[{"start":{"line":19,"column":38},"end":{"line":19,"column":51}},{"start":{"line":19,"column":54},"end":{"line":19,"column":93}}],"line":19},"2":{"loc":{"start":{"line":34,"column":4},"end":{"line":34,"column":26}},"type":"if","locations":[{"start":{"line":34,"column":4},"end":{"line":34,"column":26}},{"start":{},"end":{}}],"line":34},"3":{"loc":{"start":{"line":44,"column":13},"end":{"line":44,"column":105}},"type":"cond-expr","locations":[{"start":{"line":44,"column":38},"end":{"line":44,"column":51}},{"start":{"line":44,"column":54},"end":{"line":44,"column":105}}],"line":44},"4":{"loc":{"start":{"line":60,"column":4},"end":{"line":60,"column":26}},"type":"if","locations":[{"start":{"line":60,"column":4},"end":{"line":60,"column":26}},{"start":{},"end":{}}],"line":60},"5":{"loc":{"start":{"line":71,"column":13},"end":{"line":71,"column":90}},"type":"cond-expr","locations":[{"start":{"line":71,"column":38},"end":{"line":71,"column":51}},{"start":{"line":71,"column":54},"end":{"line":71,"column":90}}],"line":71},"6":{"loc":{"start":{"line":89,"column":4},"end":{"line":89,"column":26}},"type":"if","locations":[{"start":{"line":89,"column":4},"end":{"line":89,"column":26}},{"start":{},"end":{}}],"line":89},"7":{"loc":{"start":{"line":100,"column":13},"end":{"line":100,"column":108}},"type":"cond-expr","locations":[{"start":{"line":100,"column":38},"end":{"line":100,"column":51}},{"start":{"line":100,"column":54},"end":{"line":100,"column":108}}],"line":100},"8":{"loc":{"start":{"line":117,"column":4},"end":{"line":117,"column":26}},"type":"if","locations":[{"start":{"line":117,"column":4},"end":{"line":117,"column":26}},{"start":{},"end":{}}],"line":117},"9":{"loc":{"start":{"line":127,"column":13},"end":{"line":127,"column":106}},"type":"cond-expr","locations":[{"start":{"line":127,"column":38},"end":{"line":127,"column":51}},{"start":{"line":127,"column":54},"end":{"line":127,"column":106}}],"line":127},"10":{"loc":{"start":{"line":141,"column":4},"end":{"line":141,"column":26}},"type":"if","locations":[{"start":{"line":141,"column":4},"end":{"line":141,"column":26}},{"start":{},"end":{}}],"line":141},"11":{"loc":{"start":{"line":151,"column":13},"end":{"line":151,"column":113}},"type":"cond-expr","locations":[{"start":{"line":151,"column":38},"end":{"line":151,"column":51}},{"start":{"line":151,"column":54},"end":{"line":151,"column":113}}],"line":151}},"s":{"0":2,"1":2,"2":2,"3":2,"4":1,"5":1,"6":1,"7":1,"8":2,"9":2,"10":2,"11":2,"12":1,"13":1,"14":1,"15":1,"16":2,"17":2,"18":2,"19":2,"20":1,"21":1,"22":1,"23":1,"24":2,"25":2,"26":2,"27":2,"28":1,"29":1,"30":1,"31":1,"32":2,"33":2,"34":2,"35":2,"36":1,"37":1,"38":1,"39":1,"40":2,"41":2,"42":2,"43":2,"44":1,"45":1,"46":1,"47":1},"f":{"0":2,"1":2,"2":2,"3":2,"4":2,"5":2},"b":{"0":[1,1],"1":[1,0],"2":[1,1],"3":[1,0],"4":[1,1],"5":[1,0],"6":[1,1],"7":[1,0],"8":[1,1],"9":[1,0],"10":[1,1],"11":[1,0]},"_coverageSchema":"1a1c01bbd47fc00a2c39e90264f33305004495a9","hash":"0ce44cf333eb7b9111722ef8963518c393c4da89"}
,"C:\\Users\\alumno\\Documents\\Vera\\salto\\tu-salto-misiones-testing\\tu-salto-misiones\\src\\services\\usuarios.service.ts": {"path":"C:\\Users\\alumno\\Documents\\Vera\\salto\\tu-salto-misiones-testing\\tu-salto-misiones\\src\\services\\usuarios.service.ts","statementMap":{"0":{"start":{"line":5,"column":2},"end":{"line":21,"column":3}},"1":{"start":{"line":6,"column":21},"end":{"line":6,"column":49}},"2":{"start":{"line":7,"column":28},"end":{"line":7,"column":91}},"3":{"start":{"line":9,"column":4},"end":{"line":9,"column":26}},"4":{"start":{"line":9,"column":15},"end":{"line":9,"column":26}},"5":{"start":{"line":11,"column":4},"end":{"line":14,"column":5}},"6":{"start":{"line":16,"column":4},"end":{"line":16,"column":54}},"7":{"start":{"line":17,"column":4},"end":{"line":20,"column":5}},"8":{"start":{"line":25,"column":2},"end":{"line":46,"column":3}},"9":{"start":{"line":26,"column":21},"end":{"line":26,"column":49}},"10":{"start":{"line":27,"column":28},"end":{"line":32,"column":15}},"11":{"start":{"line":34,"column":4},"end":{"line":34,"column":26}},"12":{"start":{"line":34,"column":15},"end":{"line":34,"column":26}},"13":{"start":{"line":36,"column":4},"end":{"line":39,"column":5}},"14":{"start":{"line":41,"column":4},"end":{"line":41,"column":66}},"15":{"start":{"line":42,"column":4},"end":{"line":45,"column":5}},"16":{"start":{"line":50,"column":2},"end":{"line":66,"column":3}},"17":{"start":{"line":51,"column":21},"end":{"line":51,"column":49}},"18":{"start":{"line":52,"column":28},"end":{"line":52,"column":119}},"19":{"start":{"line":54,"column":4},"end":{"line":54,"column":26}},"20":{"start":{"line":54,"column":15},"end":{"line":54,"column":26}},"21":{"start":{"line":56,"column":4},"end":{"line":59,"column":5}},"22":{"start":{"line":61,"column":4},"end":{"line":61,"column":72}},"23":{"start":{"line":62,"column":4},"end":{"line":65,"column":5}},"24":{"start":{"line":72,"column":2},"end":{"line":93,"column":3}},"25":{"start":{"line":73,"column":21},"end":{"line":73,"column":49}},"26":{"start":{"line":74,"column":28},"end":{"line":78,"column":15}},"27":{"start":{"line":80,"column":4},"end":{"line":80,"column":26}},"28":{"start":{"line":80,"column":15},"end":{"line":80,"column":26}},"29":{"start":{"line":82,"column":4},"end":{"line":86,"column":5}},"30":{"start":{"line":88,"column":4},"end":{"line":88,"column":51}},"31":{"start":{"line":89,"column":4},"end":{"line":92,"column":5}},"32":{"start":{"line":97,"column":2},"end":{"line":122,"column":3}},"33":{"start":{"line":98,"column":21},"end":{"line":98,"column":49}},"34":{"start":{"line":99,"column":28},"end":{"line":107,"column":15}},"35":{"start":{"line":109,"column":4},"end":{"line":109,"column":26}},"36":{"start":{"line":109,"column":15},"end":{"line":109,"column":26}},"37":{"start":{"line":111,"column":4},"end":{"line":115,"column":5}},"38":{"start":{"line":117,"column":4},"end":{"line":117,"column":69}},"39":{"start":{"line":118,"column":4},"end":{"line":121,"column":5}},"40":{"start":{"line":126,"column":2},"end":{"line":149,"column":3}},"41":{"start":{"line":127,"column":21},"end":{"line":127,"column":49}},"42":{"start":{"line":129,"column":22},"end":{"line":135,"column":27}},"43":{"start":{"line":137,"column":4},"end":{"line":137,"column":26}},"44":{"start":{"line":137,"column":15},"end":{"line":137,"column":26}},"45":{"start":{"line":139,"column":4},"end":{"line":142,"column":5}},"46":{"start":{"line":144,"column":4},"end":{"line":144,"column":67}},"47":{"start":{"line":145,"column":4},"end":{"line":148,"column":5}}},"fnMap":{"0":{"name":"getUsuarios","decl":{"start":{"line":4,"column":22},"end":{"line":4,"column":33}},"loc":{"start":{"line":4,"column":69},"end":{"line":22,"column":1}},"line":4},"1":{"name":"getUsuarioById","decl":{"start":{"line":24,"column":22},"end":{"line":24,"column":36}},"loc":{"start":{"line":24,"column":80},"end":{"line":47,"column":1}},"line":24},"2":{"name":"getUsuarioByEmail","decl":{"start":{"line":49,"column":22},"end":{"line":49,"column":39}},"loc":{"start":{"line":49,"column":86},"end":{"line":67,"column":1}},"line":49},"3":{"name":"createUsuario","decl":{"start":{"line":69,"column":22},"end":{"line":69,"column":35}},"loc":{"start":{"line":71,"column":33},"end":{"line":94,"column":1}},"line":71},"4":{"name":"updateUsuario","decl":{"start":{"line":96,"column":22},"end":{"line":96,"column":35}},"loc":{"start":{"line":96,"column":106},"end":{"line":123,"column":1}},"line":96},"5":{"name":"deleteUsuario","decl":{"start":{"line":125,"column":22},"end":{"line":125,"column":35}},"loc":{"start":{"line":125,"column":76},"end":{"line":150,"column":1}},"line":125}},"branchMap":{"0":{"loc":{"start":{"line":9,"column":4},"end":{"line":9,"column":26}},"type":"if","locations":[{"start":{"line":9,"column":4},"end":{"line":9,"column":26}},{"start":{},"end":{}}],"line":9},"1":{"loc":{"start":{"line":19,"column":13},"end":{"line":19,"column":93}},"type":"cond-expr","locations":[{"start":{"line":19,"column":38},"end":{"line":19,"column":51}},{"start":{"line":19,"column":54},"end":{"line":19,"column":93}}],"line":19},"2":{"loc":{"start":{"line":34,"column":4},"end":{"line":34,"column":26}},"type":"if","locations":[{"start":{"line":34,"column":4},"end":{"line":34,"column":26}},{"start":{},"end":{}}],"line":34},"3":{"loc":{"start":{"line":44,"column":13},"end":{"line":44,"column":105}},"type":"cond-expr","locations":[{"start":{"line":44,"column":38},"end":{"line":44,"column":51}},{"start":{"line":44,"column":54},"end":{"line":44,"column":105}}],"line":44},"4":{"loc":{"start":{"line":54,"column":4},"end":{"line":54,"column":26}},"type":"if","locations":[{"start":{"line":54,"column":4},"end":{"line":54,"column":26}},{"start":{},"end":{}}],"line":54},"5":{"loc":{"start":{"line":64,"column":13},"end":{"line":64,"column":111}},"type":"cond-expr","locations":[{"start":{"line":64,"column":38},"end":{"line":64,"column":51}},{"start":{"line":64,"column":54},"end":{"line":64,"column":111}}],"line":64},"6":{"loc":{"start":{"line":80,"column":4},"end":{"line":80,"column":26}},"type":"if","locations":[{"start":{"line":80,"column":4},"end":{"line":80,"column":26}},{"start":{},"end":{}}],"line":80},"7":{"loc":{"start":{"line":91,"column":13},"end":{"line":91,"column":90}},"type":"cond-expr","locations":[{"start":{"line":91,"column":38},"end":{"line":91,"column":51}},{"start":{"line":91,"column":54},"end":{"line":91,"column":90}}],"line":91},"8":{"loc":{"start":{"line":109,"column":4},"end":{"line":109,"column":26}},"type":"if","locations":[{"start":{"line":109,"column":4},"end":{"line":109,"column":26}},{"start":{},"end":{}}],"line":109},"9":{"loc":{"start":{"line":120,"column":13},"end":{"line":120,"column":108}},"type":"cond-expr","locations":[{"start":{"line":120,"column":38},"end":{"line":120,"column":51}},{"start":{"line":120,"column":54},"end":{"line":120,"column":108}}],"line":120},"10":{"loc":{"start":{"line":137,"column":4},"end":{"line":137,"column":26}},"type":"if","locations":[{"start":{"line":137,"column":4},"end":{"line":137,"column":26}},{"start":{},"end":{}}],"line":137},"11":{"loc":{"start":{"line":147,"column":13},"end":{"line":147,"column":106}},"type":"cond-expr","locations":[{"start":{"line":147,"column":38},"end":{"line":147,"column":51}},{"start":{"line":147,"column":54},"end":{"line":147,"column":106}}],"line":147}},"s":{"0":2,"1":2,"2":2,"3":2,"4":1,"5":1,"6":1,"7":1,"8":2,"9":2,"10":2,"11":2,"12":1,"13":1,"14":1,"15":1,"16":0,"17":0,"18":0,"19":0,"20":0,"21":0,"22":0,"23":0,"24":2,"25":2,"26":2,"27":2,"28":1,"29":1,"30":1,"31":1,"32":2,"33":2,"34":2,"35":2,"36":1,"37":1,"38":1,"39":1,"40":2,"41":2,"42":2,"43":2,"44":1,"45":1,"46":1,"47":1},"f":{"0":2,"1":2,"2":0,"3":2,"4":2,"5":2},"b":{"0":[1,1],"1":[1,0],"2":[1,1],"3":[1,0],"4":[0,0],"5":[0,0],"6":[1,1],"7":[1,0],"8":[1,1],"9":[1,0],"10":[1,1],"11":[1,0]},"_coverageSchema":"1a1c01bbd47fc00a2c39e90264f33305004495a9","hash":"e8a3123de9bac3cf3a1f13142e4ec72d72ae54b0"}
}
