TN:
SF:src\services\destinos.service.ts
FN:4,getDestinos
FN:24,getDestinoById
FN:49,createDestino
FN:76,updateDestino
FN:105,deleteDestino
FN:132,searchDestinos
FNF:6
FNH:6
FNDA:2,getDestinos
FNDA:2,getDestinoById
FNDA:2,createDestino
FNDA:2,updateDestino
FNDA:2,deleteDestino
FNDA:2,searchDestinos
DA:5,2
DA:6,2
DA:7,2
DA:9,2
DA:11,1
DA:16,1
DA:17,1
DA:25,2
DA:26,2
DA:27,2
DA:34,2
DA:36,1
DA:41,1
DA:42,1
DA:52,2
DA:53,2
DA:54,2
DA:60,2
DA:62,1
DA:68,1
DA:69,1
DA:77,2
DA:78,2
DA:79,2
DA:89,2
DA:91,1
DA:97,1
DA:98,1
DA:106,2
DA:107,2
DA:109,2
DA:117,2
DA:119,1
DA:124,1
DA:125,1
DA:133,2
DA:134,2
DA:135,2
DA:141,2
DA:143,1
DA:148,1
DA:149,1
LF:42
LH:42
BRDA:9,0,0,1
BRDA:9,0,1,1
BRDA:19,1,0,1
BRDA:19,1,1,0
BRDA:34,2,0,1
BRDA:34,2,1,1
BRDA:44,3,0,1
BRDA:44,3,1,0
BRDA:60,4,0,1
BRDA:60,4,1,1
BRDA:71,5,0,1
BRDA:71,5,1,0
BRDA:89,6,0,1
BRDA:89,6,1,1
BRDA:100,7,0,1
BRDA:100,7,1,0
BRDA:117,8,0,1
BRDA:117,8,1,1
BRDA:127,9,0,1
BRDA:127,9,1,0
BRDA:141,10,0,1
BRDA:141,10,1,1
BRDA:151,11,0,1
BRDA:151,11,1,0
BRF:24
BRH:18
end_of_record
TN:
SF:src\services\usuarios.service.ts
FN:4,getUsuarios
FN:24,getUsuarioById
FN:49,getUsuarioByEmail
FN:69,createUsuario
FN:96,updateUsuario
FN:125,deleteUsuario
FNF:6
FNH:5
FNDA:2,getUsuarios
FNDA:2,getUsuarioById
FNDA:0,getUsuarioByEmail
FNDA:2,createUsuario
FNDA:2,updateUsuario
FNDA:2,deleteUsuario
DA:5,2
DA:6,2
DA:7,2
DA:9,2
DA:11,1
DA:16,1
DA:17,1
DA:25,2
DA:26,2
DA:27,2
DA:34,2
DA:36,1
DA:41,1
DA:42,1
DA:50,0
DA:51,0
DA:52,0
DA:54,0
DA:56,0
DA:61,0
DA:62,0
DA:72,2
DA:73,2
DA:74,2
DA:80,2
DA:82,1
DA:88,1
DA:89,1
DA:97,2
DA:98,2
DA:99,2
DA:109,2
DA:111,1
DA:117,1
DA:118,1
DA:126,2
DA:127,2
DA:129,2
DA:137,2
DA:139,1
DA:144,1
DA:145,1
LF:42
LH:35
BRDA:9,0,0,1
BRDA:9,0,1,1
BRDA:19,1,0,1
BRDA:19,1,1,0
BRDA:34,2,0,1
BRDA:34,2,1,1
BRDA:44,3,0,1
BRDA:44,3,1,0
BRDA:54,4,0,0
BRDA:54,4,1,0
BRDA:64,5,0,0
BRDA:64,5,1,0
BRDA:80,6,0,1
BRDA:80,6,1,1
BRDA:91,7,0,1
BRDA:91,7,1,0
BRDA:109,8,0,1
BRDA:109,8,1,1
BRDA:120,9,0,1
BRDA:120,9,1,0
BRDA:137,10,0,1
BRDA:137,10,1,1
BRDA:147,11,0,1
BRDA:147,11,1,0
BRF:24
BRH:15
end_of_record
